app/build/outputs/logs/manifest-merger-debug-report.txt
-- Merging decision tree log ---
manifest
ADDED from src\main\AndroidManifest.xml:2:1-58:12
	package
		ADDED from src\main\AndroidManifest.xml:3:5-30
		INJECTED from src\main\AndroidManifest.xml
		INJECTED from src\main\AndroidManifest.xml
	android:versionName
		INJECTED from src\main\AndroidManifest.xml
		INJECTED from src\main\AndroidManifest.xml
	xmlns:android
		ADDED from src\main\AndroidManifest.xml:2:11-69
	android:versionCode
		INJECTED from src\main\AndroidManifest.xml
		INJECTED from src\main\AndroidManifest.xml
uses-permission#android.permission.INTERNET
ADDED from src\main\AndroidManifest.xml:5:5-67
	android:name
		ADDED from src\main\AndroidManifest.xml:5:22-64
application
ADDED from src\main\AndroidManifest.xml:7:5-56:19
MERGED from [com.android.support:design:23.3.0] AndroidManifest.xml:22:5-20
MERGED from [com.android.volley:volley:1.0.0] AndroidManifest.xml:9:5-20
MERGED from [uk.co.chrisjenx:calligraphy:2.2.0] AndroidManifest.xml:11:5-20
MERGED from [com.android.support:appcompat-v7:23.3.0] AndroidManifest.xml:25:5-20
MERGED from [com.android.support:animated-vector-drawable:23.3.0] AndroidManifest.xml:7:5-20
MERGED from [com.android.support:support-vector-drawable:23.3.0] AndroidManifest.xml:7:5-20
MERGED from [com.android.support:support-v4:23.3.0] AndroidManifest.xml:22:5-20
	android:label
		ADDED from src\main\AndroidManifest.xml:10:9-41
	android:supportsRtl
		ADDED from src\main\AndroidManifest.xml:11:9-35
	android:allowBackup
		ADDED from src\main\AndroidManifest.xml:8:9-35
	android:icon
		ADDED from src\main\AndroidManifest.xml:9:9-55
	android:theme
		ADDED from src\main\AndroidManifest.xml:12:9-40
activity#br.com.appsaude.ui.MainActivity
ADDED from src\main\AndroidManifest.xml:13:9-23:20
	android:screenOrientation
		ADDED from src\main\AndroidManifest.xml:16:13-49
	android:label
		ADDED from src\main\AndroidManifest.xml:15:13-45
	android:theme
		ADDED from src\main\AndroidManifest.xml:17:13-45
	android:name
		ADDED from src\main\AndroidManifest.xml:14:13-44
intent-filter#android.intent.action.MAIN+android.intent.category.LAUNCHER
ADDED from src\main\AndroidManifest.xml:18:13-22:29
action#android.intent.action.MAIN
ADDED from src\main\AndroidManifest.xml:19:17-69
	android:name
		ADDED from src\main\AndroidManifest.xml:19:25-66
category#android.intent.category.LAUNCHER
ADDED from src\main\AndroidManifest.xml:21:17-77
	android:name
		ADDED from src\main\AndroidManifest.xml:21:27-74
activity#br.com.appsaude.ui.SintomasActivity
ADDED from src\main\AndroidManifest.xml:24:9-28:60
	android:screenOrientation
		ADDED from src\main\AndroidManifest.xml:27:13-49
	android:parentActivityName
		ADDED from src\main\AndroidManifest.xml:26:13-58
	android:windowSoftInputMode
		ADDED from src\main\AndroidManifest.xml:28:13-57
	android:name
		ADDED from src\main\AndroidManifest.xml:25:13-48
activity#br.com.appsaude.ui.EspecialistasActivity
ADDED from src\main\AndroidManifest.xml:29:9-33:48
	android:screenOrientation
		ADDED from src\main\AndroidManifest.xml:32:13-49
	android:parentActivityName
		ADDED from src\main\AndroidManifest.xml:31:13-62
	android:theme
		ADDED from src\main\AndroidManifest.xml:33:13-45
	android:name
		ADDED from src\main\AndroidManifest.xml:30:13-53
activity#br.com.appsaude.ui.ProfissionaisActivity
ADDED from src\main\AndroidManifest.xml:34:9-38:48
	android:screenOrientation
		ADDED from src\main\AndroidManifest.xml:37:13-49
	android:parentActivityName
		ADDED from src\main\AndroidManifest.xml:36:13-67
	android:theme
		ADDED from src\main\AndroidManifest.xml:38:13-45
	android:name
		ADDED from src\main\AndroidManifest.xml:35:13-53
activity#br.com.appsaude.ui.ExamesComplementaresActivity
ADDED from src\main\AndroidManifest.xml:39:9-44:60
	android:screenOrientation
		ADDED from src\main\AndroidManifest.xml:42:13-49
	android:parentActivityName
		ADDED from src\main\AndroidManifest.xml:41:13-60
	android:windowSoftInputMode
		ADDED from src\main\AndroidManifest.xml:44:13-57
	android:theme
		ADDED from src\main\AndroidManifest.xml:43:13-44
	android:name
		ADDED from src\main\AndroidManifest.xml:40:13-60
activity#br.com.appsaude.ui.SinaisActivity
ADDED from src\main\AndroidManifest.xml:45:9-50:60
	android:screenOrientation
		ADDED from src\main\AndroidManifest.xml:48:13-49
	android:parentActivityName
		ADDED from src\main\AndroidManifest.xml:47:13-62
	android:windowSoftInputMode
		ADDED from src\main\AndroidManifest.xml:50:13-57
	android:theme
		ADDED from src\main\AndroidManifest.xml:49:13-44
	android:name
		ADDED from src\main\AndroidManifest.xml:46:13-46
activity#br.com.appsaude.ui.DoencasActivity
ADDED from src\main\AndroidManifest.xml:51:9-55:47
	android:screenOrientation
		ADDED from src\main\AndroidManifest.xml:54:13-49
	android:parentActivityName
		ADDED from src\main\AndroidManifest.xml:53:13-74
	android:theme
		ADDED from src\main\AndroidManifest.xml:55:13-45
	android:name
		ADDED from src\main\AndroidManifest.xml:52:13-47
uses-sdk
INJECTED from src\main\AndroidManifest.xml reason: use-sdk injection requested
MERGED from [com.android.support:design:23.3.0] AndroidManifest.xml:20:5-43
MERGED from [com.android.support:recyclerview-v7:23.3.0] AndroidManifest.xml:20:5-43
MERGED from [com.android.volley:volley:1.0.0] AndroidManifest.xml:7:5-43
MERGED from [uk.co.chrisjenx:calligraphy:2.2.0] AndroidManifest.xml:7:5-9:41
MERGED from [com.android.support:appcompat-v7:23.3.0] AndroidManifest.xml:21:5-23:78
MERGED from [com.android.support:animated-vector-drawable:23.3.0] AndroidManifest.xml:5:5-44
MERGED from [com.android.support:support-vector-drawable:23.3.0] AndroidManifest.xml:5:5-43
MERGED from [com.android.support:support-v4:23.3.0] AndroidManifest.xml:20:5-43
	tools:overrideLibrary
		ADDED from [com.android.support:appcompat-v7:23.3.0] AndroidManifest.xml:23:9-75
	android:targetSdkVersion
		INJECTED from src\main\AndroidManifest.xml
		INJECTED from src\main\AndroidManifest.xml
	android:minSdkVersion
		INJECTED from src\main\AndroidManifest.xml
		INJECTED from src\main\AndroidManifest.xml